#
# There is insufficient memory for the Java Runtime Environment to continue.
# Native memory allocation (mmap) failed to map 130023424 bytes for G1 virtual space
# Possible reasons:
#   The system is out of physical RAM or swap space
#   The process is running with CompressedOops enabled, and the Java Heap may be blocking the growth of the native heap
# Possible solutions:
#   Reduce memory load on the system
#   Increase physical memory or swap space
#   Check if swap backing store is full
#   Decrease Java heap size (-Xmx/-Xms)
#   Decrease number of Java threads
#   Decrease Java thread stack sizes (-Xss)
#   Set larger code cache with -XX:ReservedCodeCacheSize=
#   JVM is running with Unscaled Compressed Oops mode in which the Java heap is
#     placed in the first 4GB address space. The Java Heap base address is the
#     maximum limit for the native heap growth. Please use -XX:HeapBaseMinAddress
#     to set the Java Heap base and to place the Java Heap above 4GB virtual address.
# This output file may be truncated or incomplete.
#
#  Out of Memory Error (os_windows.cpp:3528), pid=7296, tid=13424
#
# JRE version:  (20.0.2+9) (build )
# Java VM: Java HotSpot(TM) 64-Bit Server VM (20.0.2+9-78, mixed mode, sharing, tiered, compressed oops, compressed class ptrs, g1 gc, windows-amd64)
# No core dump will be written. Minidumps are not enabled by default on client versions of Windows
#

---------------  S U M M A R Y ------------

Command Line: -Dfile.encoding=UTF-8 --module-path=C:\Users\HP\eclipse-workspace\sangeeta\OOPConcept\bin -XX:+ShowCodeDetailsInExceptionMessages -Djdk.module.main=OOPConcept OOPConcept/com.oopexample.ReturnDemo

Host: 12th Gen Intel(R) Core(TM) i5-12500, 12 cores, 7G,  Windows 11 , 64 bit Build 22000 (10.0.22000.2538)
Time: Thu Feb 29 11:36:41 2024 India Standard Time elapsed time: 0.006534 seconds (0d 0h 0m 0s)

---------------  T H R E A D  ---------------

Current thread (0x000001a60a839e40):  JavaThread "Unknown thread" [_thread_in_vm, id=13424, stack(0x0000009a4d000000,0x0000009a4d100000)]

Stack: [0x0000009a4d000000,0x0000009a4d100000]
Native frames: (J=compiled Java code, j=interpreted, Vv=VM code, C=native code)
V  [jvm.dll+0x6bc25a]
V  [jvm.dll+0x84971a]
V  [jvm.dll+0x84b315]
V  [jvm.dll+0x84ba13]
V  [jvm.dll+0x280e4f]
V  [jvm.dll+0x6b8fe9]
V  [jvm.dll+0x6adbca]
V  [jvm.dll+0x35b165]
V  [jvm.dll+0x363386]
V  [jvm.dll+0x3b400e]
V  [jvm.dll+0x3b4295]
V  [jvm.dll+0x32b86a]
V  [jvm.dll+0x32c68b]
V  [jvm.dll+0x8123df]
V  [jvm.dll+0x3c1261]
V  [jvm.dll+0x7fe103]
V  [jvm.dll+0x44ccaf]
V  [jvm.dll+0x44e621]
C  [jli.dll+0x5287]
C  [ucrtbase.dll+0x26c0c]
C  [KERNEL32.DLL+0x153e0]
C  [ntdll.dll+0x485b]


---------------  P R O C E S S  ---------------

Threads class SMR info:
_java_thread_list=0x00007ffdcdecb118, length=0, elements={
}

Java Threads: ( => current thread )

Other Threads:
  0x000001a60a898590 WorkerThread "GC Thread#0" [stack: 0x0000009a4d100000,0x0000009a4d200000] [id=6296]
  0x000001a60a8a94a0 ConcurrentGCThread "G1 Main Marker" [stack: 0x0000009a4d200000,0x0000009a4d300000] [id=2424]
  0x000001a60a8a9ed0 WorkerThread "G1 Conc#0" [stack: 0x0000009a4d300000,0x0000009a4d400000] [id=12296]

[error occurred during error reporting (printing all threads), id 0xc0000005, EXCEPTION_ACCESS_VIOLATION (0xc0000005) at pc=0x00007ffdcd6aeea7]
VM state: not at safepoint (not fully initialized)

VM Mutex/Monitor currently owned by a thread:  ([mutex/lock_event])
[0x000001a60a835730] Heap_lock - owner thread: 0x000001a60a839e40

Heap address: 0x0000000084e00000, size: 1970 MB, Compressed Oops mode: 32-bit

CDS archive(s) mapped at: [0x0000000000000000-0x0000000000000000-0x0000000000000000), size 0, SharedBaseAddress: 0x0000000800000000, ArchiveRelocationMode: 1.
Narrow klass base: 0x0000000000000000, Narrow klass shift: 0, Narrow klass range: 0x0

GC Precious Log:
 CardTable entry size: 512
 Card Set container configuration: InlinePtr #cards 5 size 8 Array Of Cards #cards 12 size 40 Howl #buckets 4 coarsen threshold 1843 Howl Bitmap #cards 512 size 80 coarsen threshold 460 Card regions per heap region 1 cards per card region 2048

Heap:
 garbage-first heap   total 0K, used 0K [0x0000000084e00000, 0x0000000100000000)
  region size 1024K, 0 young (0K), 0 survivors (0K)

[error occurred during error reporting (printing heap information), id 0xc0000005, EXCEPTION_ACCESS_VIOLATION (0xc0000005) at pc=0x00007ffdcda847b9]
GC Heap History (0 events):
No events

Dll operation events (1 events):
Event: 0.003 Loaded shared library C:\Program Files\Java\jdk-20\bin\java.dll

Deoptimization events (0 events):
No events

Classes loaded (0 events):
No events

Classes unloaded (0 events):
No events

Classes redefined (0 events):
No events

Internal exceptions (0 events):
No events

VM Operations (0 events):
No events

Events (0 events):
No events


Dynamic libraries:
0x00007ff796d40000 - 0x00007ff796d50000 	C:\Program Files\Java\jdk-20\bin\javaw.exe
0x00007ffe33fe0000 - 0x00007ffe341e9000 	C:\Windows\SYSTEM32\ntdll.dll
0x00007ffe32df0000 - 0x00007ffe32ead000 	C:\Windows\System32\KERNEL32.DLL
0x00007ffe31aa0000 - 0x00007ffe31e24000 	C:\Windows\System32\KERNELBASE.dll
0x00007ffe31820000 - 0x00007ffe31931000 	C:\Windows\System32\ucrtbase.dll
0x00007ffe276d0000 - 0x00007ffe276e9000 	C:\Program Files\Java\jdk-20\bin\jli.dll
0x00007ffe1a510000 - 0x00007ffe1a52b000 	C:\Program Files\Java\jdk-20\bin\VCRUNTIME140.dll
0x00007ffe33c80000 - 0x00007ffe33d2e000 	C:\Windows\System32\ADVAPI32.dll
0x00007ffe32f90000 - 0x00007ffe33033000 	C:\Windows\System32\msvcrt.dll
0x00007ffe33f00000 - 0x00007ffe33f9e000 	C:\Windows\System32\sechost.dll
0x00007ffe33650000 - 0x00007ffe33771000 	C:\Windows\System32\RPCRT4.dll
0x00007ffe322a0000 - 0x00007ffe3244d000 	C:\Windows\System32\USER32.dll
0x00007ffe13d90000 - 0x00007ffe14035000 	C:\Windows\WinSxS\amd64_microsoft.windows.common-controls_6595b64144ccf1df_6.0.22000.120_none_9d947278b86cc467\COMCTL32.dll
0x00007ffe31770000 - 0x00007ffe31796000 	C:\Windows\System32\win32u.dll
0x00007ffe33780000 - 0x00007ffe337aa000 	C:\Windows\System32\GDI32.dll
0x00007ffe315e0000 - 0x00007ffe316fe000 	C:\Windows\System32\gdi32full.dll
0x00007ffe31a00000 - 0x00007ffe31a9d000 	C:\Windows\System32\msvcp_win.dll
0x00007ffe29d60000 - 0x00007ffe29d6a000 	C:\Windows\SYSTEM32\VERSION.dll
0x00007ffe32130000 - 0x00007ffe32161000 	C:\Windows\System32\IMM32.DLL
0x00007ffe2e250000 - 0x00007ffe2e25c000 	C:\Program Files\Java\jdk-20\bin\vcruntime140_1.dll
0x00007ffdf8020000 - 0x00007ffdf80ae000 	C:\Program Files\Java\jdk-20\bin\msvcp140.dll
0x00007ffdcd370000 - 0x00007ffdce008000 	C:\Program Files\Java\jdk-20\bin\server\jvm.dll
0x00007ffe2b8f0000 - 0x00007ffe2b923000 	C:\Windows\SYSTEM32\WINMM.dll
0x00007ffe276c0000 - 0x00007ffe276c9000 	C:\Windows\SYSTEM32\WSOCK32.dll
0x00007ffe31f20000 - 0x00007ffe31f8f000 	C:\Windows\System32\WS2_32.dll
0x00007ffe305d0000 - 0x00007ffe305e8000 	C:\Windows\SYSTEM32\kernel.appcore.dll
0x00007ffe1a500000 - 0x00007ffe1a50a000 	C:\Program Files\Java\jdk-20\bin\jimage.dll
0x00007ffe195b0000 - 0x00007ffe197d1000 	C:\Windows\SYSTEM32\DBGHELP.DLL
0x00007ffe192e0000 - 0x00007ffe19311000 	C:\Windows\SYSTEM32\dbgcore.DLL
0x00007ffe317a0000 - 0x00007ffe3181f000 	C:\Windows\System32\bcryptPrimitives.dll
0x00007ffe18f60000 - 0x00007ffe18f86000 	C:\Program Files\Java\jdk-20\bin\java.dll

dbghelp: loaded successfully - version: 4.0.5 - missing functions: none
symbol engine: initialized successfully - sym options: 0x614 - pdb path: .;C:\Program Files\Java\jdk-20\bin;C:\Windows\SYSTEM32;C:\Windows\WinSxS\amd64_microsoft.windows.common-controls_6595b64144ccf1df_6.0.22000.120_none_9d947278b86cc467;C:\Program Files\Java\jdk-20\bin\server

VM Arguments:
jvm_args: -Dfile.encoding=UTF-8 --module-path=C:\Users\HP\eclipse-workspace\sangeeta\OOPConcept\bin -XX:+ShowCodeDetailsInExceptionMessages -Djdk.module.main=OOPConcept 
java_command: OOPConcept/com.oopexample.ReturnDemo
java_class_path (initial): <not set>
Launcher Type: SUN_STANDARD

[Global flags]
     intx CICompilerCount                          = 4                                         {product} {ergonomic}
     uint ConcGCThreads                            = 3                                         {product} {ergonomic}
     uint G1ConcRefinementThreads                  = 10                                        {product} {ergonomic}
   size_t G1HeapRegionSize                         = 1048576                                   {product} {ergonomic}
    uintx GCDrainStackTargetSize                   = 64                                        {product} {ergonomic}
   size_t InitialHeapSize                          = 130023424                                 {product} {ergonomic}
   size_t MarkStackSize                            = 4194304                                   {product} {ergonomic}
   size_t MaxHeapSize                              = 2065694720                                {product} {ergonomic}
   size_t MinHeapDeltaBytes                        = 1048576                                   {product} {ergonomic}
   size_t MinHeapSize                              = 8388608                                   {product} {ergonomic}
    uintx NonNMethodCodeHeapSize                   = 5839372                                {pd product} {ergonomic}
    uintx NonProfiledCodeHeapSize                  = 122909434                              {pd product} {ergonomic}
    uintx ProfiledCodeHeapSize                     = 122909434                              {pd product} {ergonomic}
    uintx ReservedCodeCacheSize                    = 251658240                              {pd product} {ergonomic}
     bool SegmentedCodeCache                       = true                                      {product} {ergonomic}
     bool ShowCodeDetailsInExceptionMessages       = true                                   {manageable} {command line}
   size_t SoftMaxHeapSize                          = 2065694720                             {manageable} {ergonomic}
     bool UseCompressedClassPointers               = true                           {product lp64_product} {ergonomic}
     bool UseCompressedOops                        = true                           {product lp64_product} {ergonomic}
     bool UseG1GC                                  = true                                      {product} {ergonomic}
     bool UseLargePagesIndividualAllocation        = false                                  {pd product} {ergonomic}

Logging:
Log output configuration:
 #0: stdout all=warning uptime,level,tags foldmultilines=false
 #1: stderr all=off uptime,level,tags foldmultilines=false

Environment Variables:
PATH=C:\Python312\Scripts\;C:\Python312\;C:\Program Files\Common Files\Oracle\Java\javapath;C:\Windows\system32;C:\Windows;C:\Windows\System32\Wbem;C:\Windows\System32\WindowsPowerShell\v1.0\;C:\Windows\System32\OpenSSH\;C:\Program Files\Git\cmd;C:\Program Files\nodejs\;C:\ProgramData\chocolatey\bin;C:\Users\HP\AppData\Local\Microsoft\WindowsApps;C:\Program Files\MySQL\MySQL Server 8.0\bin;C:\Users\HP\AppData\Roaming\npm;C:\Users\HP\AppData\Local\Programs\Microsoft VS Code\bin
USERNAME=HP
OS=Windows_NT
PROCESSOR_IDENTIFIER=Intel64 Family 6 Model 151 Stepping 5, GenuineIntel
TMP=C:\Users\HP\AppData\Local\Temp
TEMP=C:\Users\HP\AppData\Local\Temp




---------------  S Y S T E M  ---------------

OS:
 Windows 11 , 64 bit Build 22000 (10.0.22000.2538)
OS uptime: 5 days 20:14 hours

CPU: total 12 (initial active 12) (6 cores per cpu, 2 threads per core) family 6 model 151 stepping 5 microcode 0x2e, cx8, cmov, fxsr, ht, mmx, 3dnowpref, sse, sse2, sse3, ssse3, sse4.1, sse4.2, popcnt, lzcnt, tsc, tscinvbit, avx, avx2, aes, erms, clmul, bmi1, bmi2, adx, sha, fma, vzeroupper, clflush, clflushopt, clwb, serialize, rdtscp, rdpid, fsrm, f16c, pku, cet_ibt, cet_ss

Memory: 4k page, system-wide physical 7879M (476M free)
TotalPageFile size 32455M (AvailPageFile size 116M)
current process WorkingSet (physical memory assigned to process): 10M, peak: 10M
current process commit charge ("private bytes"): 64M, peak: 188M

vm_info: Java HotSpot(TM) 64-Bit Server VM (20.0.2+9-78) for windows-amd64 JRE (20.0.2+9-78), built on 2023-06-14T10:08:48Z by "mach5one" with MS VC++ 17.1 (VS2022)

END.
